<?xml version="1.0" encoding="UTF-8"?>
<testsuite name="training.selenium.StoreLogin" tests="1" skipped="0" failures="0" errors="0" timestamp="2023-04-12T18:11:40" hostname="N-MSK-RUAACFQ" time="2.332">
  <properties/>
  <testcase name="myFirstTest()" classname="training.selenium.StoreLogin" time="2.332"/>
  <system-out><![CDATA[]]></system-out>
  <system-err><![CDATA[SLF4J: Failed to load class "org.slf4j.impl.StaticLoggerBinder".
SLF4J: Defaulting to no-operation (NOP) logger implementation
SLF4J: See http://www.slf4j.org/codes.html#StaticLoggerBinder for further details.
Starting ChromeDriver 109.0.5414.74 (e7c5703604daa9cc128ccf5a5d3e993513758913-refs/branch-heads/5414@{#1172}) on port 31004
Only local connections are allowed.
Please see https://chromedriver.chromium.org/security-considerations for suggestions on keeping ChromeDriver safe.
ChromeDriver was started successfully.
]]></system-err>
</testsuite>
